Environment variables:
  - =C:=C:\inetpub\wwwroot\appServer3\CodigoFuente
  - ALLUSERSPROFILE=C:\ProgramData
  - APPDATA=C:\Users\anderson14.32\AppData\Roaming
  - CLIENTNAME=CO-C05B864
  - COMPUTERNAME=PROYECTOWEB
  - ComSpec=C:\Windows\system32\cmd.exe
  - CommonProgramFiles=C:\Program Files\Common Files
  - CommonProgramFiles(x86)=C:\Program Files (x86)\Common Files
  - CommonProgramW6432=C:\Program Files\Common Files
  - ERROR_CODE=0
  - FP_NO_HOST_CHECK=NO
  - HOMEDRIVE=C:
  - HOMEPATH=\Users\anderson14.32
  - JAVA_EXEC="C:\Program Files\Java\jdk1.8.0_92\bin\java.exe"
  - JAVA_HOME=C:\Program Files\Java\jdk1.8.0_92
  - LOCALAPPDATA=C:\Users\anderson14.32\AppData\Local
  - LOGONSERVER=\\PROYECTOWEB
  - NUMBER_OF_PROCESSORS=1
  - OS=Windows_NT
  - PATH=C:\Program Files\Java\jdk1.8.0_92\bin
  - PATHEXT=.COM;.EXE;.BAT;.CMD;.VBS;.VBE;.JS;.JSE;.WSF;.WSH;.MSC
  - PROCESSOR_ARCHITECTURE=AMD64
  - PROCESSOR_IDENTIFIER=Intel64 Family 6 Model 63 Stepping 2, GenuineIntel
  - PROCESSOR_LEVEL=6
  - PROCESSOR_REVISION=3f02
  - PROJECT_HOME=C:\inetpub\wwwroot\appServer3\CodigoFuente
  - PROMPT=$P$G
  - PSModulePath=C:\Windows\system32\WindowsPowerShell\v1.0\Modules\
  - PUBLIC=C:\Users\Public
  - ProgramData=C:\ProgramData
  - ProgramFiles=C:\Program Files
  - ProgramFiles(x86)=C:\Program Files (x86)
  - ProgramW6432=C:\Program Files
  - SESSIONNAME=RDP-Tcp#2
  - SONAR_SCANNER_HOME=C:\Users\anderson14.32\Downloads\sonar-scanner-2.6\sonar-scanner-2.6\bin\..
  - SystemDrive=C:
  - SystemRoot=C:\Windows
  - TEMP=C:\Users\ANDERS~1.32\AppData\Local\Temp\4
  - TMP=C:\Users\ANDERS~1.32\AppData\Local\Temp\4
  - USERDOMAIN=PROYECTOWEB
  - USERNAME=anderson1432
  - USERPROFILE=C:\Users\anderson14.32
  - VS140COMNTOOLS=C:\Program Files (x86)\Common7\Tools\
  - windir=C:\Windows
  - windows_tracing_flags=3
  - windows_tracing_logfile=C:\BVTBin\Tests\installpackage\csilogfile.log
System properties:
  - awt.toolkit=sun.awt.windows.WToolkit
  - file.encoding=Cp1252
  - file.encoding.pkg=sun.io
  - file.separator=\
  - java.awt.graphicsenv=sun.awt.Win32GraphicsEnvironment
  - java.awt.headless=true
  - java.awt.printerjob=sun.awt.windows.WPrinterJob
  - java.class.path=C:\Users\anderson14.32\Downloads\sonar-scanner-2.6\sonar-scanner-2.6\bin\..\lib\sonar-scanner-cli-2.6.jar
  - java.class.version=52.0
  - java.endorsed.dirs=C:\Program Files\Java\jdk1.8.0_92\jre\lib\endorsed
  - java.ext.dirs=C:\Program Files\Java\jdk1.8.0_92\jre\lib\ext;C:\Windows\Sun\Java\lib\ext
  - java.home=C:\Program Files\Java\jdk1.8.0_92\jre
  - java.io.tmpdir=C:\Users\ANDERS~1.32\AppData\Local\Temp\4\
  - java.library.path=C:\Program Files\Java\jdk1.8.0_92\bin;C:\Windows\Sun\Java\bin;C:\Windows\system32;C:\Windows;C:\Program Files\Java\jdk1.8.0_92\bin;.
  - java.runtime.name=Java(TM) SE Runtime Environment
  - java.runtime.version=1.8.0_92-b14
  - java.specification.name=Java Platform API Specification
  - java.specification.vendor=Oracle Corporation
  - java.specification.version=1.8
  - java.vendor=Oracle Corporation
  - java.vendor.url=http://java.oracle.com/
  - java.vendor.url.bug=http://bugreport.sun.com/bugreport/
  - java.version=1.8.0_92
  - java.vm.info=mixed mode
  - java.vm.name=Java HotSpot(TM) 64-Bit Server VM
  - java.vm.specification.name=Java Virtual Machine Specification
  - java.vm.specification.vendor=Oracle Corporation
  - java.vm.specification.version=1.8
  - java.vm.vendor=Oracle Corporation
  - java.vm.version=25.92-b14
  - line.separator=

  - os.arch=amd64
  - os.name=Windows Server 2008 R2
  - os.version=6.1
  - path.separator=;
  - project.home=C:\inetpub\wwwroot\appServer3\CodigoFuente
  - scanner.home=C:\Users\anderson14.32\Downloads\sonar-scanner-2.6\sonar-scanner-2.6\bin\..
  - sun.arch.data.model=64
  - sun.boot.class.path=C:\Program Files\Java\jdk1.8.0_92\jre\lib\resources.jar;C:\Program Files\Java\jdk1.8.0_92\jre\lib\rt.jar;C:\Program Files\Java\jdk1.8.0_92\jre\lib\sunrsasign.jar;C:\Program Files\Java\jdk1.8.0_92\jre\lib\jsse.jar;C:\Program Files\Java\jdk1.8.0_92\jre\lib\jce.jar;C:\Program Files\Java\jdk1.8.0_92\jre\lib\charsets.jar;C:\Program Files\Java\jdk1.8.0_92\jre\lib\jfr.jar;C:\Program Files\Java\jdk1.8.0_92\jre\classes
  - sun.boot.library.path=C:\Program Files\Java\jdk1.8.0_92\jre\bin
  - sun.cpu.endian=little
  - sun.cpu.isalist=amd64
  - sun.desktop=windows
  - sun.io.unicode.encoding=UnicodeLittle
  - sun.java.command=org.sonarsource.scanner.cli.Main -X
  - sun.java.launcher=SUN_STANDARD
  - sun.jnu.encoding=Cp1252
  - sun.management.compiler=HotSpot 64-Bit Tiered Compilers
  - sun.os.patch.level=Service Pack 1
  - sun.stderr.encoding=cp437
  - sun.stdout.encoding=cp437
  - user.country=US
  - user.country.format=CO
  - user.dir=C:\inetpub\wwwroot\appServer3\CodigoFuente
  - user.home=C:\Users\anderson14.32
  - user.language=en
  - user.language.format=es
  - user.name=anderson1432
  - user.script=
  - user.timezone=America/Bogota
  - user.variant=
SonarQube plugins:
  - C# 5.0 (csharp)
  - Java 3.13.1 (java)
  - Git 1.2 (scmgit)
  - VB.NET 2.4 (vbnet)
  - SVN 1.3 (scmsvn)
  - JavaScript 2.11 (javascript)
Global properties:
  - sonar.core.id=20160515231548
  - sonar.core.startTime=2016-05-15T23:15:48+0000
  - sonar.core.version=5.5
  - sonar.permission.template.default=default_template
  - sonar.qualitygate=1
  - sonar.vbnet.licenseHash.secured=
Settings for module: my:project
  - sonar.host.url=http://localhost:9000
  - sonar.projectBaseDir=C:\inetpub\wwwroot\appServer3\CodigoFuente
  - sonar.projectKey=my:project
  - sonar.projectName=Serverlove
  - sonar.projectVersion=1.0
  - sonar.sourceEncoding=UTF-8
  - sonar.sources=.
  - sonar.verbose=true
  - sonar.working.directory=C:\inetpub\wwwroot\appServer3\CodigoFuente\.sonar
